# Logfile created on 2014-11-12 21:09:05 -0500 by logger.rb/44203
I, [2014-11-12T21:09:05.333474 #7942]  INFO -- : 0:  blankslate (2.1.2.4) from /Users/michael/.rvm/gems/ruby-2.1.0/specifications/blankslate-2.1.2.4.gemspec
I, [2014-11-12T21:09:07.417658 #7942]  INFO -- : 0:  sass (3.4.7) from /Users/michael/.rvm/gems/ruby-2.1.0/specifications/sass-3.4.7.gemspec
I, [2014-11-12T21:09:07.417991 #7942]  INFO -- : 0:  thor (0.19.1) from /Users/michael/.rvm/gems/ruby-2.1.0/specifications/thor-0.19.1.gemspec
I, [2014-11-12T21:09:08.843203 #7942]  INFO -- : 0:  bourbon (4.0.2) from /Users/michael/.rvm/gems/ruby-2.1.0/specifications/bourbon-4.0.2.gemspec
I, [2014-11-12T21:09:13.586505 #7942]  INFO -- : 0:  hitimes (1.2.2) from /Users/michael/.rvm/gems/ruby-2.1.0/specifications/hitimes-1.2.2.gemspec
I, [2014-11-12T21:09:14.737565 #7942]  INFO -- : 0:  timers (4.0.1) from /Users/michael/.rvm/gems/ruby-2.1.0/specifications/timers-4.0.1.gemspec
I, [2014-11-12T21:09:15.575443 #7942]  INFO -- : 0:  celluloid (0.16.0) from /Users/michael/.rvm/gems/ruby-2.1.0/specifications/celluloid-0.16.0.gemspec
I, [2014-11-12T21:09:16.582342 #7942]  INFO -- : 0:  fast-stemmer (1.0.2) from /Users/michael/.rvm/gems/ruby-2.1.0/specifications/fast-stemmer-1.0.2.gemspec
I, [2014-11-12T21:09:17.287333 #7942]  INFO -- : 0:  classifier-reborn (2.0.2) from /Users/michael/.rvm/gems/ruby-2.1.0/specifications/classifier-reborn-2.0.2.gemspec
I, [2014-11-12T21:09:18.114279 #7942]  INFO -- : 0:  coffee-script-source (1.8.0) from /Users/michael/.rvm/gems/ruby-2.1.0/specifications/coffee-script-source-1.8.0.gemspec
I, [2014-11-12T21:09:19.238920 #7942]  INFO -- : 0:  execjs (2.2.2) from /Users/michael/.rvm/gems/ruby-2.1.0/specifications/execjs-2.2.2.gemspec
I, [2014-11-12T21:09:19.239322 #7942]  INFO -- : 0:  coffee-script (2.3.0) from /Users/michael/.rvm/gems/ruby-2.1.0/specifications/coffee-script-2.3.0.gemspec
I, [2014-11-12T21:09:20.225072 #7942]  INFO -- : 0:  colorator (0.1) from /Users/michael/.rvm/gems/ruby-2.1.0/specifications/colorator-0.1.gemspec
I, [2014-11-12T21:09:26.063448 #7942]  INFO -- : 0:  ffi (1.9.6) from /Users/michael/.rvm/gems/ruby-2.1.0/specifications/ffi-1.9.6.gemspec
I, [2014-11-12T21:09:26.063851 #7942]  INFO -- : 0:  hike (1.2.3) from /Users/michael/.rvm/gems/ruby-2.1.0/specifications/hike-1.2.3.gemspec
I, [2014-11-12T21:09:26.973181 #7942]  INFO -- : 0:  jekyll-coffeescript (1.0.1) from /Users/michael/.rvm/gems/ruby-2.1.0/specifications/jekyll-coffeescript-1.0.1.gemspec
I, [2014-11-12T21:09:28.026438 #7942]  INFO -- : 0:  jekyll-gist (1.1.0) from /Users/michael/.rvm/gems/ruby-2.1.0/specifications/jekyll-gist-1.1.0.gemspec
I, [2014-11-12T21:09:29.230295 #7942]  INFO -- : 0:  jekyll-paginate (1.1.0) from /Users/michael/.rvm/gems/ruby-2.1.0/specifications/jekyll-paginate-1.1.0.gemspec
I, [2014-11-12T21:09:30.219990 #7942]  INFO -- : 0:  jekyll-sass-converter (1.2.1) from /Users/michael/.rvm/gems/ruby-2.1.0/specifications/jekyll-sass-converter-1.2.1.gemspec
I, [2014-11-12T21:09:31.781392 #7942]  INFO -- : 0:  rb-fsevent (0.9.4) from /Users/michael/.rvm/gems/ruby-2.1.0/specifications/rb-fsevent-0.9.4.gemspec
I, [2014-11-12T21:09:32.813066 #7942]  INFO -- : 0:  rb-inotify (0.9.5) from /Users/michael/.rvm/gems/ruby-2.1.0/specifications/rb-inotify-0.9.5.gemspec
I, [2014-11-12T21:09:34.189248 #7942]  INFO -- : 0:  listen (2.7.11) from /Users/michael/.rvm/gems/ruby-2.1.0/specifications/listen-2.7.11.gemspec
I, [2014-11-12T21:09:35.160639 #7942]  INFO -- : 0:  jekyll-watch (1.1.2) from /Users/michael/.rvm/gems/ruby-2.1.0/specifications/jekyll-watch-1.1.2.gemspec
I, [2014-11-12T21:09:37.130600 #7942]  INFO -- : 0:  kramdown (1.5.0) from /Users/michael/.rvm/gems/ruby-2.1.0/specifications/kramdown-1.5.0.gemspec
I, [2014-11-12T21:09:37.928929 #7942]  INFO -- : 0:  liquid (2.6.1) from /Users/michael/.rvm/gems/ruby-2.1.0/specifications/liquid-2.6.1.gemspec
I, [2014-11-12T21:09:39.170010 #7942]  INFO -- : 0:  mercenary (0.3.4) from /Users/michael/.rvm/gems/ruby-2.1.0/specifications/mercenary-0.3.4.gemspec
I, [2014-11-12T21:09:40.097290 #7942]  INFO -- : 0:  posix-spawn (0.3.9) from /Users/michael/.rvm/gems/ruby-2.1.0/specifications/posix-spawn-0.3.9.gemspec
I, [2014-11-12T21:09:42.574736 #7942]  INFO -- : 0:  yajl-ruby (1.1.0) from /Users/michael/.rvm/gems/ruby-2.1.0/specifications/yajl-ruby-1.1.0.gemspec
I, [2014-11-12T21:09:45.884216 #7942]  INFO -- : 0:  pygments.rb (0.6.0) from /Users/michael/.rvm/gems/ruby-2.1.0/specifications/pygments.rb-0.6.0.gemspec
I, [2014-11-12T21:09:48.396819 #7942]  INFO -- : 0:  redcarpet (3.2.0) from /Users/michael/.rvm/gems/ruby-2.1.0/specifications/redcarpet-3.2.0.gemspec
I, [2014-11-12T21:09:49.700926 #7942]  INFO -- : 0:  safe_yaml (1.0.4) from /Users/michael/.rvm/gems/ruby-2.1.0/specifications/safe_yaml-1.0.4.gemspec
I, [2014-11-12T21:09:50.674487 #7942]  INFO -- : 0:  parslet (1.5.0) from /Users/michael/.rvm/gems/ruby-2.1.0/specifications/parslet-1.5.0.gemspec
I, [2014-11-12T21:09:51.798767 #7942]  INFO -- : 0:  toml (0.1.2) from /Users/michael/.rvm/gems/ruby-2.1.0/specifications/toml-0.1.2.gemspec
I, [2014-11-12T21:09:53.159587 #7942]  INFO -- : 0:  jekyll (2.5.1) from /Users/michael/.rvm/gems/ruby-2.1.0/specifications/jekyll-2.5.1.gemspec
I, [2014-11-12T21:09:53.159933 #7942]  INFO -- : 0:  multi_json (1.10.1) from /Users/michael/.rvm/gems/ruby-2.1.0/specifications/multi_json-1.10.1.gemspec
I, [2014-11-12T21:09:53.160186 #7942]  INFO -- : 0:  rack (1.5.2) from /Users/michael/.rvm/gems/ruby-2.1.0/specifications/rack-1.5.2.gemspec
I, [2014-11-12T21:09:53.160417 #7942]  INFO -- : 0:  tilt (1.4.1) from /Users/michael/.rvm/gems/ruby-2.1.0/specifications/tilt-1.4.1.gemspec
I, [2014-11-12T21:09:54.334501 #7942]  INFO -- : 0:  sprockets (2.12.3) from /Users/michael/.rvm/gems/ruby-2.1.0/specifications/sprockets-2.12.3.gemspec
I, [2014-11-12T21:09:55.034966 #7942]  INFO -- : 0:  sprockets-helpers (1.1.0) from /Users/michael/.rvm/gems/ruby-2.1.0/specifications/sprockets-helpers-1.1.0.gemspec
I, [2014-11-12T21:09:56.122438 #7942]  INFO -- : 0:  sprockets-sass (1.2.0) from /Users/michael/.rvm/gems/ruby-2.1.0/specifications/sprockets-sass-1.2.0.gemspec
I, [2014-11-12T21:09:57.471628 #7942]  INFO -- : 0:  jekyll-assets (0.11.0) from /Users/michael/.rvm/gems/ruby-2.1.0/specifications/jekyll-assets-0.11.0.gemspec
I, [2014-11-12T21:09:58.946615 #7942]  INFO -- : 0:  jekyll-sitemap (0.6.2) from /Users/michael/.rvm/gems/ruby-2.1.0/specifications/jekyll-sitemap-0.6.2.gemspec
I, [2014-11-12T21:09:58.946964 #7942]  INFO -- : 0:  json (1.8.1) from /Users/michael/.rvm/rubies/ruby-2.1.0/lib/ruby/gems/2.1.0/specifications/default/json-1.8.1.gemspec
I, [2014-11-12T21:10:00.220322 #7942]  INFO -- : 0:  neat (1.7.0) from /Users/michael/.rvm/gems/ruby-2.1.0/specifications/neat-1.7.0.gemspec
I, [2014-11-12T21:10:01.353666 #7942]  INFO -- : 0:  octopress-hooks (2.2.1) from /Users/michael/.rvm/gems/ruby-2.1.0/specifications/octopress-hooks-2.2.1.gemspec
I, [2014-11-12T21:10:02.399376 #7942]  INFO -- : 0:  octopress-escape-code (1.0.2) from /Users/michael/.rvm/gems/ruby-2.1.0/specifications/octopress-escape-code-1.0.2.gemspec
I, [2014-11-12T21:10:03.454656 #7942]  INFO -- : 0:  octopress-docs (0.0.9) from /Users/michael/.rvm/gems/ruby-2.1.0/specifications/octopress-docs-0.0.9.gemspec
I, [2014-11-12T21:10:04.145728 #7942]  INFO -- : 0:  octopress-deploy (1.0.0) from /Users/michael/.rvm/gems/ruby-2.1.0/specifications/octopress-deploy-1.0.0.gemspec
I, [2014-11-12T21:10:04.777729 #7942]  INFO -- : 0:  titlecase (0.1.1) from /Users/michael/.rvm/gems/ruby-2.1.0/specifications/titlecase-0.1.1.gemspec
I, [2014-11-12T21:10:05.485462 #7942]  INFO -- : 0:  octopress (3.0.0.rc.15) from /Users/michael/.rvm/gems/ruby-2.1.0/specifications/octopress-3.0.0.rc.15.gemspec
I, [2014-11-12T21:10:05.485803 #7942]  INFO -- : 0:  uglifier (2.5.3) from /Users/michael/.rvm/gems/ruby-2.1.0/specifications/uglifier-2.5.3.gemspec
I, [2014-11-12T21:10:05.486016 #7942]  INFO -- : 0:  bundler (1.5.1) from /Users/michael/.rvm/gems/ruby-2.1.0@global/specifications/bundler-1.5.1.gemspec
